Using pre-set license
Built from '2020.3/staging' branch; Version is '2020.3.10f1 (297d780c91bc) revision 2719096'; Using compiler version '192528614'; Build Type 'Release'
OS: 'Windows 10 Enterprise; OS build 19044.1889; Version 2009; 64bit' Language: 'ru' Physical Memory: 16365 MB
BatchMode: 1, IsHumanControllingUs: 0, StartBugReporterOnCrash: 0, Is64bit: 1, IsPro: 0

 COMMAND LINE ARGUMENTS:
C:\Program Files\Unity\Hub\Editor\2020.3.10f1\Editor\Unity.exe
-adb2
-batchMode
-noUpm
-name
AssetImportWorker0
-projectPath
C:/Users/1/Documents/GitHub/OnlineShooter
-logFile
Logs/AssetImportWorker0.log
-srvPort
55406
Successfully changed project path to: C:/Users/1/Documents/GitHub/OnlineShooter
C:/Users/1/Documents/GitHub/OnlineShooter
Using Asset Import Pipeline V2.
Refreshing native plugins compatible for Editor in 75.36 ms, found 2 plugins.
Preloading 0 native plugins for Editor in 0.00 ms.
Initialize engine version: 2020.3.10f1 (297d780c91bc)
[Subsystems] Discovering subsystems at path C:/Program Files/Unity/Hub/Editor/2020.3.10f1/Editor/Data/Resources/UnitySubsystems
[Subsystems] Discovering subsystems at path C:/Users/1/Documents/GitHub/OnlineShooter/Assets
GfxDevice: creating device client; threaded=0
Direct3D:
    Version:  Direct3D 11.0 [level 11.1]
    Renderer: NVIDIA GeForce RTX 2070 (ID=0x1f02)
    Vendor:   
    VRAM:     8031 MB
    Driver:   27.21.14.5751
Initialize mono
Mono path[0] = 'C:/Program Files/Unity/Hub/Editor/2020.3.10f1/Editor/Data/Managed'
Mono path[1] = 'C:/Program Files/Unity/Hub/Editor/2020.3.10f1/Editor/Data/MonoBleedingEdge/lib/mono/unityjit'
Mono config path = 'C:/Program Files/Unity/Hub/Editor/2020.3.10f1/Editor/Data/MonoBleedingEdge/etc'
Using monoOptions --debugger-agent=transport=dt_socket,embedding=1,server=y,suspend=n,address=127.0.0.1:56844
Begin MonoManager ReloadAssembly
Registering precompiled unity dll's ...
Register platform support module: C:/Program Files/Unity/Hub/Editor/2020.3.10f1/Editor/Data/PlaybackEngines/WindowsStandaloneSupport/UnityEditor.WindowsStandalone.Extensions.dll
Registered in 0.001979 seconds.
Native extension for WindowsStandalone target not found
Refreshing native plugins compatible for Editor in 35.47 ms, found 2 plugins.
Preloading 0 native plugins for Editor in 0.00 ms.
Mono: successfully reloaded assembly
- Completed reload, in  1.728 seconds
Platform modules already initialized, skipping
Registering precompiled user dll's ...
Registered in 0.004624 seconds.
Begin MonoManager ReloadAssembly
Native extension for WindowsStandalone target not found
Refreshing native plugins compatible for Editor in 0.40 ms, found 2 plugins.
Preloading 0 native plugins for Editor in 0.00 ms.
Mono: successfully reloaded assembly
- Completed reload, in  1.314 seconds
Platform modules already initialized, skipping
========================================================================
Worker process is ready to serve import requests
Launched and connected shader compiler UnityShaderCompiler.exe after 0.05 seconds
Refreshing native plugins compatible for Editor in 0.42 ms, found 2 plugins.
Preloading 0 native plugins for Editor in 0.00 ms.
Unloading 1386 Unused Serialized files (Serialized files now loaded: 0)
System memory in use before: 64.6 MB.
System memory in use after: 64.7 MB.

Unloading 19 unused Assets to reduce memory usage. Loaded Objects now: 1819.
Total: 2.126600 ms (FindLiveObjects: 0.143600 ms CreateObjectMapping: 0.057200 ms MarkObjects: 1.833800 ms  DeleteObjects: 0.090800 ms)

========================================================================
Received Import Request.
  path: Assets/Scenes/SampleScene.unity
  artifactKey: Guid(9fc0d4010bbf28b4594072e72b8655ab) Importer(815301076,1909f56bfc062723c751e8b465ee728b)
Start importing Assets/Scenes/SampleScene.unity using Guid(9fc0d4010bbf28b4594072e72b8655ab) Importer(815301076,1909f56bfc062723c751e8b465ee728b)  -> (artifact id: '85059f4f9e1a832ed95adaa0d25c5c4c') in 0.014292 seconds
  Import took 0.016677 seconds .

========================================================================
Received Import Request.
  Time since last request: 25.193452 seconds.
  path: Assets/Scenes/Online.unity
  artifactKey: Guid(1066ee65f8604e34380e996ac17b6fe7) Importer(815301076,1909f56bfc062723c751e8b465ee728b)
Start importing Assets/Scenes/Online.unity using Guid(1066ee65f8604e34380e996ac17b6fe7) Importer(815301076,1909f56bfc062723c751e8b465ee728b)  -> (artifact id: '724263184b6442accca78ea6a0045cc5') in 0.003000 seconds
  Import took 0.005797 seconds .

========================================================================
Received Import Request.
  Time since last request: 0.004916 seconds.
  path: Assets/Scenes/Online.unity
  artifactKey: Guid(1066ee65f8604e34380e996ac17b6fe7) Importer(815301076,1909f56bfc062723c751e8b465ee728b)
Start importing Assets/Scenes/Online.unity using Guid(1066ee65f8604e34380e996ac17b6fe7) Importer(815301076,1909f56bfc062723c751e8b465ee728b)  -> (artifact id: '724263184b6442accca78ea6a0045cc5') in 0.002513 seconds
  Import took 0.005500 seconds .

========================================================================
Received Import Request.
  Time since last request: 377.065892 seconds.
  path: Assets/Materials
  artifactKey: Guid(73c62e332d03cf147bb7bba7aba0c838) Importer(815301076,1909f56bfc062723c751e8b465ee728b)
Start importing Assets/Materials using Guid(73c62e332d03cf147bb7bba7aba0c838) Importer(815301076,1909f56bfc062723c751e8b465ee728b)  -> (artifact id: '9d6e3a80b11d0525d29914f4e939e59f') in 0.002648 seconds
  Import took 0.005286 seconds .

========================================================================
Received Import Request.
  Time since last request: 7.213512 seconds.
  path: Assets/Materials/New Material.mat
  artifactKey: Guid(926d7177f47604340b9eb3684a0a0d11) Importer(815301076,1909f56bfc062723c751e8b465ee728b)
Start importing Assets/Materials/New Material.mat using Guid(926d7177f47604340b9eb3684a0a0d11) Importer(815301076,1909f56bfc062723c751e8b465ee728b)  -> (artifact id: '43815b43aa0359d8ba1a66359dc1a266') in 0.170213 seconds
  Import took 0.172898 seconds .

========================================================================
Received Import Request.
  Time since last request: 303.202233 seconds.
  path: Assets/Materials/Floor.mat
  artifactKey: Guid(926d7177f47604340b9eb3684a0a0d11) Importer(815301076,1909f56bfc062723c751e8b465ee728b)
Start importing Assets/Materials/Floor.mat using Guid(926d7177f47604340b9eb3684a0a0d11) Importer(815301076,1909f56bfc062723c751e8b465ee728b)  -> (artifact id: '788e0ad6999bb3c1c83bb764baec7574') in 0.013847 seconds
  Import took 0.016668 seconds .

========================================================================
Received Import Request.
  Time since last request: 6.468662 seconds.
  path: Assets/Materials/Wall.mat
  artifactKey: Guid(263fe2385fbf6184ca3aeff5b8e1402b) Importer(815301076,1909f56bfc062723c751e8b465ee728b)
Start importing Assets/Materials/Wall.mat using Guid(263fe2385fbf6184ca3aeff5b8e1402b) Importer(815301076,1909f56bfc062723c751e8b465ee728b)  -> (artifact id: '6af7c5d5c4a35a4e3b677de88bf8fca2') in 0.012536 seconds
  Import took 0.015354 seconds .

========================================================================
Received Import Request.
  Time since last request: 48.685425 seconds.
  path: Assets/Materials/Wall.mat
  artifactKey: Guid(263fe2385fbf6184ca3aeff5b8e1402b) Importer(815301076,1909f56bfc062723c751e8b465ee728b)
Start importing Assets/Materials/Wall.mat using Guid(263fe2385fbf6184ca3aeff5b8e1402b) Importer(815301076,1909f56bfc062723c751e8b465ee728b)  -> (artifact id: 'cf2a44624fd4ff80d434462714cdf74c') in 0.013316 seconds
  Import took 0.016411 seconds .

========================================================================
Received Prepare
Registering precompiled user dll's ...
Registered in 0.021802 seconds.
Begin MonoManager ReloadAssembly
Native extension for WindowsStandalone target not found
Refreshing native plugins compatible for Editor in 0.54 ms, found 2 plugins.
Preloading 0 native plugins for Editor in 0.00 ms.
Mono: successfully reloaded assembly
- Completed reload, in  1.200 seconds
Platform modules already initialized, skipping
Refreshing native plugins compatible for Editor in 0.50 ms, found 2 plugins.
Preloading 0 native plugins for Editor in 0.00 ms.
Unloading 1521 Unused Serialized files (Serialized files now loaded: 0)
System memory in use before: 72.4 MB.
System memory in use after: 72.5 MB.

Unloading 18 unused Assets to reduce memory usage. Loaded Objects now: 1998.
Total: 2.174300 ms (FindLiveObjects: 0.172600 ms CreateObjectMapping: 0.062800 ms MarkObjects: 1.864200 ms  DeleteObjects: 0.072700 ms)

========================================================================
Received Import Request.
  Time since last request: 425.076776 seconds.
  path: Assets/Scripts
  artifactKey: Guid(1dd536afa0f030a409e66d29ec3fc21d) Importer(815301076,1909f56bfc062723c751e8b465ee728b)
Start importing Assets/Scripts using Guid(1dd536afa0f030a409e66d29ec3fc21d) Importer(815301076,1909f56bfc062723c751e8b465ee728b)  -> (artifact id: '471563ed6dc80f7a970081c3d338c96d') in 0.006096 seconds
  Import took 0.009093 seconds .

========================================================================
Received Import Request.
  Time since last request: 0.000966 seconds.
  path: Assets/Scripts
  artifactKey: Guid(1dd536afa0f030a409e66d29ec3fc21d) Importer(815301076,1909f56bfc062723c751e8b465ee728b)
Start importing Assets/Scripts using Guid(1dd536afa0f030a409e66d29ec3fc21d) Importer(815301076,1909f56bfc062723c751e8b465ee728b)  -> (artifact id: '471563ed6dc80f7a970081c3d338c96d') in 0.002268 seconds
  Import took 0.004959 seconds .

========================================================================
Received Import Request.
  Time since last request: 63.652222 seconds.
  path: Assets/Scenes
  artifactKey: Guid(e8ca6cff7b4c2e34294981efb5bf1beb) Importer(815301076,1909f56bfc062723c751e8b465ee728b)
Start importing Assets/Scenes using Guid(e8ca6cff7b4c2e34294981efb5bf1beb) Importer(815301076,1909f56bfc062723c751e8b465ee728b)  -> (artifact id: '79cdaf988fdcd2421503bcbae42c7409') in 0.002543 seconds
  Import took 0.005877 seconds .

========================================================================
Received Import Request.
  Time since last request: 0.001048 seconds.
  path: Assets/Scenes
  artifactKey: Guid(e8ca6cff7b4c2e34294981efb5bf1beb) Importer(815301076,1909f56bfc062723c751e8b465ee728b)
Start importing Assets/Scenes using Guid(e8ca6cff7b4c2e34294981efb5bf1beb) Importer(815301076,1909f56bfc062723c751e8b465ee728b)  -> (artifact id: '79cdaf988fdcd2421503bcbae42c7409') in 0.002237 seconds
  Import took 0.004991 seconds .

========================================================================
Received Import Request.
  Time since last request: 0.782551 seconds.
  path: Assets/Scenes/Online.unity
  artifactKey: Guid(1066ee65f8604e34380e996ac17b6fe7) Importer(815301076,1909f56bfc062723c751e8b465ee728b)
Start importing Assets/Scenes/Online.unity using Guid(1066ee65f8604e34380e996ac17b6fe7) Importer(815301076,1909f56bfc062723c751e8b465ee728b)  -> (artifact id: '1c4b0173c6828c61d43838c99f8d9e79') in 0.011431 seconds
  Import took 0.014269 seconds .

========================================================================
Received Import Request.
  Time since last request: 24.994560 seconds.
  path: Assets/Scenes/Offline.unity
  artifactKey: Guid(4621cc591440c98429403eff783d6dd4) Importer(815301076,1909f56bfc062723c751e8b465ee728b)
Start importing Assets/Scenes/Offline.unity using Guid(4621cc591440c98429403eff783d6dd4) Importer(815301076,1909f56bfc062723c751e8b465ee728b)  -> (artifact id: 'f1ef23d3873e25f8af76644d566f2a80') in 0.002924 seconds
  Import took 0.005998 seconds .

========================================================================
Received Import Request.
  Time since last request: 0.000345 seconds.
  path: Assets/Scenes/Offline.unity
  artifactKey: Guid(4621cc591440c98429403eff783d6dd4) Importer(815301076,1909f56bfc062723c751e8b465ee728b)
Start importing Assets/Scenes/Offline.unity using Guid(4621cc591440c98429403eff783d6dd4) Importer(815301076,1909f56bfc062723c751e8b465ee728b)  -> (artifact id: 'f1ef23d3873e25f8af76644d566f2a80') in 0.002529 seconds
  Import took 0.005121 seconds .

========================================================================
Received Import Request.
  Time since last request: 62.914460 seconds.
  path: Assets/Prefabs
  artifactKey: Guid(e18299f217b654649aeffdce839b2cde) Importer(815301076,1909f56bfc062723c751e8b465ee728b)
Start importing Assets/Prefabs using Guid(e18299f217b654649aeffdce839b2cde) Importer(815301076,1909f56bfc062723c751e8b465ee728b)  -> (artifact id: '9f09c555fe6b2fa6cac3a840184067d2') in 0.002461 seconds
  Import took 0.005773 seconds .

========================================================================
Received Prepare
Registering precompiled user dll's ...
Registered in 0.007929 seconds.
Begin MonoManager ReloadAssembly
Native extension for WindowsStandalone target not found
Refreshing native plugins compatible for Editor in 0.50 ms, found 2 plugins.
Preloading 0 native plugins for Editor in 0.00 ms.
Mono: successfully reloaded assembly
- Completed reload, in  1.306 seconds
Platform modules already initialized, skipping
Refreshing native plugins compatible for Editor in 0.49 ms, found 2 plugins.
Preloading 0 native plugins for Editor in 0.00 ms.
Unloading 1522 Unused Serialized files (Serialized files now loaded: 0)
System memory in use before: 72.5 MB.
System memory in use after: 72.5 MB.

Unloading 18 unused Assets to reduce memory usage. Loaded Objects now: 2002.
Total: 2.141800 ms (FindLiveObjects: 0.157600 ms CreateObjectMapping: 0.060300 ms MarkObjects: 1.841900 ms  DeleteObjects: 0.080900 ms)

========================================================================
Received Import Request.
  Time since last request: 43.915468 seconds.
  path: Assets/Prefabs/PlayerPrefab.prefab
  artifactKey: Guid(45c9eab0928dfca4a81a849159d2bb81) Importer(815301076,1909f56bfc062723c751e8b465ee728b)
Start importing Assets/Prefabs/PlayerPrefab.prefab using Guid(45c9eab0928dfca4a81a849159d2bb81) Importer(815301076,1909f56bfc062723c751e8b465ee728b)  -> (artifact id: 'a7c3f1b2a6bb27d262a616f284263142') in 0.040237 seconds
  Import took 0.044149 seconds .

========================================================================
Received Import Request.
  Time since last request: 66.831355 seconds.
  path: Assets/Scripts/PlayerCharacter.cs
  artifactKey: Guid(e267a3b8676fe45469eb22af9ea5c14c) Importer(815301076,1909f56bfc062723c751e8b465ee728b)
Start importing Assets/Scripts/PlayerCharacter.cs using Guid(e267a3b8676fe45469eb22af9ea5c14c) Importer(815301076,1909f56bfc062723c751e8b465ee728b)  -> (artifact id: '8fde151cb788f4c2d3049ccd507e9b07') in 0.004223 seconds
  Import took 0.007073 seconds .

========================================================================
Received Import Request.
  Time since last request: 0.035764 seconds.
  path: Assets/Scripts/PlayerCharacter.cs
  artifactKey: Guid(e267a3b8676fe45469eb22af9ea5c14c) Importer(815301076,1909f56bfc062723c751e8b465ee728b)
Start importing Assets/Scripts/PlayerCharacter.cs using Guid(e267a3b8676fe45469eb22af9ea5c14c) Importer(815301076,1909f56bfc062723c751e8b465ee728b)  -> (artifact id: '8fde151cb788f4c2d3049ccd507e9b07') in 0.002191 seconds
  Import took 0.005275 seconds .

========================================================================
Received Prepare
Registering precompiled user dll's ...
Registered in 0.006964 seconds.
Begin MonoManager ReloadAssembly
Native extension for WindowsStandalone target not found
Refreshing native plugins compatible for Editor in 0.55 ms, found 2 plugins.
Preloading 0 native plugins for Editor in 0.00 ms.
Mono: successfully reloaded assembly
- Completed reload, in  1.324 seconds
Platform modules already initialized, skipping
Script is not up to date after domain reload: guid(fd547f6c04263f8459d1df46d60c06fb) path("Assets/Scripts/Data.cs") state(2)
Refreshing native plugins compatible for Editor in 0.52 ms, found 2 plugins.
Preloading 0 native plugins for Editor in 0.00 ms.
Unloading 1527 Unused Serialized files (Serialized files now loaded: 0)
System memory in use before: 72.6 MB.
System memory in use after: 72.7 MB.

Unloading 18 unused Assets to reduce memory usage. Loaded Objects now: 2010.
Total: 2.167500 ms (FindLiveObjects: 0.165100 ms CreateObjectMapping: 0.061500 ms MarkObjects: 1.856500 ms  DeleteObjects: 0.082900 ms)

========================================================================
Received Prepare
Registering precompiled user dll's ...
Registered in 0.006772 seconds.
Begin MonoManager ReloadAssembly
Native extension for WindowsStandalone target not found
Refreshing native plugins compatible for Editor in 0.50 ms, found 2 plugins.
Preloading 0 native plugins for Editor in 0.00 ms.
Mono: successfully reloaded assembly
- Completed reload, in  1.318 seconds
Platform modules already initialized, skipping
Script is not up to date after domain reload: guid(623e0b0a6af3a3242a866a17e16179c9) path("Assets/Scripts/UIController.cs") state(2)
Refreshing native plugins compatible for Editor in 0.52 ms, found 2 plugins.
Preloading 0 native plugins for Editor in 0.00 ms.
Unloading 1528 Unused Serialized files (Serialized files now loaded: 0)
System memory in use before: 72.6 MB.
System memory in use after: 72.7 MB.

Unloading 18 unused Assets to reduce memory usage. Loaded Objects now: 2014.
Total: 2.436500 ms (FindLiveObjects: 0.165900 ms CreateObjectMapping: 0.060100 ms MarkObjects: 2.132600 ms  DeleteObjects: 0.076200 ms)

========================================================================
Received Prepare
Registering precompiled user dll's ...
Registered in 0.008353 seconds.
Begin MonoManager ReloadAssembly
Native extension for WindowsStandalone target not found
Refreshing native plugins compatible for Editor in 0.47 ms, found 2 plugins.
Preloading 0 native plugins for Editor in 0.00 ms.
Mono: successfully reloaded assembly
- Completed reload, in  1.455 seconds
Platform modules already initialized, skipping
Refreshing native plugins compatible for Editor in 0.49 ms, found 2 plugins.
Preloading 0 native plugins for Editor in 0.00 ms.
Unloading 1529 Unused Serialized files (Serialized files now loaded: 0)
System memory in use before: 72.7 MB.
System memory in use after: 72.7 MB.

Unloading 18 unused Assets to reduce memory usage. Loaded Objects now: 2018.
Total: 2.687700 ms (FindLiveObjects: 0.215600 ms CreateObjectMapping: 0.075000 ms MarkObjects: 2.314700 ms  DeleteObjects: 0.080800 ms)

========================================================================
Received Import Request.
  Time since last request: 232.005891 seconds.
  path: Assets/Prefabs/VisiblePlayer.prefab
  artifactKey: Guid(bdbc2cedf60087a409d6dcfadcde2f36) Importer(815301076,1909f56bfc062723c751e8b465ee728b)
Start importing Assets/Prefabs/VisiblePlayer.prefab using Guid(bdbc2cedf60087a409d6dcfadcde2f36) Importer(815301076,1909f56bfc062723c751e8b465ee728b)  -> (artifact id: '5f9b88d69d5b2a4ef77db2d545d14eaf') in 0.082294 seconds
  Import took 0.085507 seconds .

========================================================================
Received Import Request.
  Time since last request: 4.010902 seconds.
  path: Assets/Prefabs/PlayerPrefab.prefab
  artifactKey: Guid(45c9eab0928dfca4a81a849159d2bb81) Importer(815301076,1909f56bfc062723c751e8b465ee728b)
Start importing Assets/Prefabs/PlayerPrefab.prefab using Guid(45c9eab0928dfca4a81a849159d2bb81) Importer(815301076,1909f56bfc062723c751e8b465ee728b)  -> (artifact id: '4d54ca6f4470f1811635cafcc345d162') in 0.008700 seconds
  Import took 0.011705 seconds .

========================================================================
Received Import Request.
  Time since last request: 0.011276 seconds.
  path: Assets/Prefabs/PlayerPrefab.prefab
  artifactKey: Guid(45c9eab0928dfca4a81a849159d2bb81) Importer(815301076,1909f56bfc062723c751e8b465ee728b)
Start importing Assets/Prefabs/PlayerPrefab.prefab using Guid(45c9eab0928dfca4a81a849159d2bb81) Importer(815301076,1909f56bfc062723c751e8b465ee728b)  -> (artifact id: '4d54ca6f4470f1811635cafcc345d162') in 0.004841 seconds
  Import took 0.008032 seconds .

========================================================================
Received Prepare
Registering precompiled user dll's ...
Registered in 0.007261 seconds.
Begin MonoManager ReloadAssembly
Native extension for WindowsStandalone target not found
Refreshing native plugins compatible for Editor in 0.48 ms, found 2 plugins.
Preloading 0 native plugins for Editor in 0.00 ms.
Mono: successfully reloaded assembly
- Completed reload, in  1.269 seconds
Platform modules already initialized, skipping
Refreshing native plugins compatible for Editor in 0.49 ms, found 2 plugins.
Preloading 0 native plugins for Editor in 0.00 ms.
Unloading 1529 Unused Serialized files (Serialized files now loaded: 0)
System memory in use before: 72.7 MB.
System memory in use after: 72.8 MB.

Unloading 19 unused Assets to reduce memory usage. Loaded Objects now: 2023.
Total: 2.222100 ms (FindLiveObjects: 0.179000 ms CreateObjectMapping: 0.064700 ms MarkObjects: 1.884600 ms  DeleteObjects: 0.092500 ms)

========================================================================
Received Prepare
Registering precompiled user dll's ...
Registered in 0.007381 seconds.
Begin MonoManager ReloadAssembly
Native extension for WindowsStandalone target not found
Refreshing native plugins compatible for Editor in 0.49 ms, found 2 plugins.
Preloading 0 native plugins for Editor in 0.00 ms.
Mono: successfully reloaded assembly
- Completed reload, in  1.317 seconds
Platform modules already initialized, skipping
Refreshing native plugins compatible for Editor in 0.48 ms, found 2 plugins.
Preloading 0 native plugins for Editor in 0.00 ms.
Unloading 1529 Unused Serialized files (Serialized files now loaded: 0)
System memory in use before: 72.7 MB.
System memory in use after: 72.8 MB.

Unloading 18 unused Assets to reduce memory usage. Loaded Objects now: 2026.
Total: 2.116800 ms (FindLiveObjects: 0.158400 ms CreateObjectMapping: 0.061700 ms MarkObjects: 1.829600 ms  DeleteObjects: 0.065900 ms)

========================================================================
Received Import Request.
  Time since last request: 2850.127176 seconds.
  path: Assets/Scenes/Offline.unity
  artifactKey: Guid(4621cc591440c98429403eff783d6dd4) Importer(815301076,1909f56bfc062723c751e8b465ee728b)
Start importing Assets/Scenes/Offline.unity using Guid(4621cc591440c98429403eff783d6dd4) Importer(815301076,1909f56bfc062723c751e8b465ee728b)  -> (artifact id: 'fc755704d0c465b4efe60e8318c32fde') in 0.014142 seconds
  Import took 0.017641 seconds .

========================================================================
Received Import Request.
  Time since last request: 67.810903 seconds.
  path: Assets/Scripts/MouseLook.cs
  artifactKey: Guid(43f0975b54f492c47a6a18112e5e6e26) Importer(815301076,1909f56bfc062723c751e8b465ee728b)
Start importing Assets/Scripts/MouseLook.cs using Guid(43f0975b54f492c47a6a18112e5e6e26) Importer(815301076,1909f56bfc062723c751e8b465ee728b)  -> (artifact id: 'babbbb2926a02e9c4aec60b9f84a8cfa') in 0.002551 seconds
  Import took 0.005411 seconds .

========================================================================
Received Import Request.
  Time since last request: 0.001887 seconds.
  path: Assets/Scripts/MouseLook.cs
  artifactKey: Guid(43f0975b54f492c47a6a18112e5e6e26) Importer(815301076,1909f56bfc062723c751e8b465ee728b)
Start importing Assets/Scripts/MouseLook.cs using Guid(43f0975b54f492c47a6a18112e5e6e26) Importer(815301076,1909f56bfc062723c751e8b465ee728b)  -> (artifact id: 'babbbb2926a02e9c4aec60b9f84a8cfa') in 0.003000 seconds
  Import took 0.006332 seconds .

========================================================================
Received Import Request.
  Time since last request: 291.292408 seconds.
  path: Assets/Scripts/Character.cs
  artifactKey: Guid(181570b8a58d5464c8e1cbbd8f5c867f) Importer(815301076,1909f56bfc062723c751e8b465ee728b)
Start importing Assets/Scripts/Character.cs using Guid(181570b8a58d5464c8e1cbbd8f5c867f) Importer(815301076,1909f56bfc062723c751e8b465ee728b)  -> (artifact id: '87112339279c65c9ab794101f956ba01') in 0.003108 seconds
  Import took 0.007114 seconds .

========================================================================
Received Import Request.
  Time since last request: 0.001833 seconds.
  path: Assets/Scripts/Character.cs
  artifactKey: Guid(181570b8a58d5464c8e1cbbd8f5c867f) Importer(815301076,1909f56bfc062723c751e8b465ee728b)
Start importing Assets/Scripts/Character.cs using Guid(181570b8a58d5464c8e1cbbd8f5c867f) Importer(815301076,1909f56bfc062723c751e8b465ee728b)  -> (artifact id: '87112339279c65c9ab794101f956ba01') in 0.002830 seconds
  Import took 0.006089 seconds .

========================================================================
Received Prepare
Registering precompiled user dll's ...
Registered in 0.008682 seconds.
Begin MonoManager ReloadAssembly
Native extension for WindowsStandalone target not found
Refreshing native plugins compatible for Editor in 0.48 ms, found 2 plugins.
Preloading 0 native plugins for Editor in 0.00 ms.
Mono: successfully reloaded assembly
- Completed reload, in  1.449 seconds
Platform modules already initialized, skipping
Refreshing native plugins compatible for Editor in 0.53 ms, found 2 plugins.
Preloading 0 native plugins for Editor in 0.00 ms.
Unloading 1529 Unused Serialized files (Serialized files now loaded: 0)
System memory in use before: 72.7 MB.
System memory in use after: 72.8 MB.

Unloading 18 unused Assets to reduce memory usage. Loaded Objects now: 2029.
Total: 2.355900 ms (FindLiveObjects: 0.214100 ms CreateObjectMapping: 0.061400 ms MarkObjects: 2.003500 ms  DeleteObjects: 0.075800 ms)

========================================================================
Received Prepare
Registering precompiled user dll's ...
Registered in 0.007025 seconds.
Begin MonoManager ReloadAssembly
Native extension for WindowsStandalone target not found
Refreshing native plugins compatible for Editor in 0.47 ms, found 2 plugins.
Preloading 0 native plugins for Editor in 0.00 ms.
Mono: successfully reloaded assembly
- Completed reload, in  1.263 seconds
Platform modules already initialized, skipping
Refreshing native plugins compatible for Editor in 0.49 ms, found 2 plugins.
Preloading 0 native plugins for Editor in 0.00 ms.
Unloading 1529 Unused Serialized files (Serialized files now loaded: 0)
System memory in use before: 72.7 MB.
System memory in use after: 72.8 MB.

Unloading 18 unused Assets to reduce memory usage. Loaded Objects now: 2032.
Total: 2.269600 ms (FindLiveObjects: 0.156900 ms CreateObjectMapping: 0.061900 ms MarkObjects: 1.978000 ms  DeleteObjects: 0.071600 ms)

AssetImportWorkerClient::OnTransportError - code=2 error=End of file
